<?xml version="1.0" encoding="UTF-8"?>
<!-- Generated by org.testng.reporters.JUnitReportReporter -->
<testsuite hostname="ARSUNKAR-W10" failures="0" tests="2" name="parallelExecutionSeleniumTests.LibraryTest" time="47.292" errors="0" timestamp="11 Feb 2021 20:56:05 GMT" skipped="0">
  <testcase classname="parallelExecutionSeleniumTests.LibraryTest" name="testSomeLibraryMethod" time="29.410"/>
  <testcase classname="parallelExecutionSeleniumTests.LibraryTest" name="testSecondLibraryMethod" time="17.882"/>
</testsuite> <!-- parallelExecutionSeleniumTests.LibraryTest -->
