<?xml version="1.0" encoding="UTF-8"?>
<!-- Generated by org.testng.reporters.JUnitReportReporter -->
<testsuite hostname="ARSUNKAR-W10" failures="0" tests="2" name="testcases.ValidateADMApExCaseCreation" time="13.551" errors="0" timestamp="2021-04-20T14:06:39 EDT" skipped="0">
  <testcase classname="testcases.ValidateADMApExCaseCreation" name="testMyntra" time="8.918"/>
  <system-out/>
  <testcase classname="testcases.ValidateADMApExCaseCreation" name="testTfact21012ADMApExCaseCreation" time="4.633"/>
  <system-out/>
</testsuite> <!-- testcases.ValidateADMApExCaseCreation -->
