<?xml version="1.0" encoding="UTF-8"?>
<!-- Generated by org.testng.reporters.JUnitReportReporter -->
<testsuite hostname="ARSUNKAR-W10" failures="0" tests="2" name="testcases.test2" time="11.125" errors="0" timestamp="2021-04-20T14:28:49 EDT" skipped="0">
  <testcase classname="testcases.test2" name="testMyntra" time="7.237"/>
  <system-out/>
  <testcase classname="testcases.test2" name="testTfact21012ADMApExCaseCreation" time="3.888"/>
  <system-out/>
</testsuite> <!-- testcases.test2 -->
