<?xml version="1.0" encoding="UTF-8"?>
<!-- Generated by org.testng.reporters.JUnitReportReporter -->
<testsuite hostname="ARSUNKAR-W10" failures="0" tests="2" name="testcases.LibraryTest" time="14.757" errors="0" timestamp="2021-04-20T14:06:39 EDT" skipped="0">
  <testcase classname="testcases.LibraryTest" name="testSecondLibraryMethod" time="6.636"/>
  <system-out/>
  <testcase classname="testcases.LibraryTest" name="testSomeLibraryMethod" time="8.121"/>
  <system-out/>
</testsuite> <!-- testcases.LibraryTest -->
