<?xml version="1.0" encoding="UTF-8"?>
<!-- Generated by org.testng.reporters.JUnitReportReporter -->
<testsuite hostname="ARSUNKAR-W10" failures="0" tests="2" name="testcases.test1" time="12.720" errors="0" timestamp="2021-04-20T14:28:49 EDT" skipped="0">
  <testcase classname="testcases.test1" name="testSecondLibraryMethod" time="5.556"/>
  <system-out/>
  <testcase classname="testcases.test1" name="testSomeLibraryMethod" time="7.164"/>
  <system-out/>
</testsuite> <!-- testcases.test1 -->
