<?xml version="1.0" encoding="UTF-8"?>
<!-- Generated by org.testng.reporters.JUnitReportReporter -->
<testsuite hostname="ARSUNKAR-W10" failures="0" tests="2" name="parallelExecutionSeleniumTests.ValidateADMApExCaseCreation" time="80.149" errors="0" timestamp="11 Feb 2021 20:56:05 GMT" skipped="0">
  <testcase classname="parallelExecutionSeleniumTests.ValidateADMApExCaseCreation" name="testMyntra" time="35.048"/>
  <testcase classname="parallelExecutionSeleniumTests.ValidateADMApExCaseCreation" name="testTfact21012ADMApExCaseCreation" time="45.101"/>
</testsuite> <!-- parallelExecutionSeleniumTests.ValidateADMApExCaseCreation -->
